<?xml version="1.0" encoding="UTF-8"?>
<testsuite name="com.journi.challenge.controllers.PurchasesControllerTest" tests="3" skipped="0" failures="0" errors="0" timestamp="2022-03-26T16:03:50" hostname="dlt-par-epogace" time="0.375">
  <properties/>
  <testcase name="testPurchaseCurrencyCodeEUR()" classname="com.journi.challenge.controllers.PurchasesControllerTest" time="0.359"/>
  <testcase name="testPurchaseCurrencyCodeDE()" classname="com.journi.challenge.controllers.PurchasesControllerTest" time="0.005"/>
  <testcase name="testPurchaseStatistics()" classname="com.journi.challenge.controllers.PurchasesControllerTest" time="0.009"/>
  <system-out><![CDATA[17:03:48.387 [Test worker] DEBUG org.springframework.test.context.BootstrapUtils - Instantiating CacheAwareContextLoaderDelegate from class [org.springframework.test.context.cache.DefaultCacheAwareContextLoaderDelegate]
17:03:48.399 [Test worker] DEBUG org.springframework.test.context.BootstrapUtils - Instantiating BootstrapContext using constructor [public org.springframework.test.context.support.DefaultBootstrapContext(java.lang.Class,org.springframework.test.context.CacheAwareContextLoaderDelegate)]
17:03:48.425 [Test worker] DEBUG org.springframework.test.context.BootstrapUtils - Instantiating TestContextBootstrapper for test class [com.journi.challenge.controllers.PurchasesControllerTest] from class [org.springframework.boot.test.context.SpringBootTestContextBootstrapper]
17:03:48.439 [Test worker] INFO org.springframework.boot.test.context.SpringBootTestContextBootstrapper - Neither @ContextConfiguration nor @ContextHierarchy found for test class [com.journi.challenge.controllers.PurchasesControllerTest], using SpringBootContextLoader
17:03:48.442 [Test worker] DEBUG org.springframework.test.context.support.AbstractContextLoader - Did not detect default resource location for test class [com.journi.challenge.controllers.PurchasesControllerTest]: class path resource [com/journi/challenge/controllers/PurchasesControllerTest-context.xml] does not exist
17:03:48.442 [Test worker] DEBUG org.springframework.test.context.support.AbstractContextLoader - Did not detect default resource location for test class [com.journi.challenge.controllers.PurchasesControllerTest]: class path resource [com/journi/challenge/controllers/PurchasesControllerTestContext.groovy] does not exist
17:03:48.443 [Test worker] INFO org.springframework.test.context.support.AbstractContextLoader - Could not detect default resource locations for test class [com.journi.challenge.controllers.PurchasesControllerTest]: no resource found for suffixes {-context.xml, Context.groovy}.
17:03:48.443 [Test worker] INFO org.springframework.test.context.support.AnnotationConfigContextLoaderUtils - Could not detect default configuration classes for test class [com.journi.challenge.controllers.PurchasesControllerTest]: PurchasesControllerTest does not declare any static, non-private, non-final, nested classes annotated with @Configuration.
17:03:48.482 [Test worker] DEBUG org.springframework.test.context.support.ActiveProfilesUtils - Could not find an 'annotation declaring class' for annotation type [org.springframework.test.context.ActiveProfiles] and class [com.journi.challenge.controllers.PurchasesControllerTest]
17:03:48.561 [Test worker] DEBUG org.springframework.context.annotation.ClassPathScanningCandidateComponentProvider - Identified candidate component class: file [C:\Users\User\OneDrive - Dalet Digital Media Systems\Documents\Journi Challange\backend-coding-challenge\build\classes\java\main\com\journi\challenge\JourniChallengeApplication.class]
17:03:48.562 [Test worker] INFO org.springframework.boot.test.context.SpringBootTestContextBootstrapper - Found @SpringBootConfiguration com.journi.challenge.JourniChallengeApplication for test class com.journi.challenge.controllers.PurchasesControllerTest
17:03:48.648 [Test worker] DEBUG org.springframework.boot.test.context.SpringBootTestContextBootstrapper - @TestExecutionListeners is not present for class [com.journi.challenge.controllers.PurchasesControllerTest]: using defaults.
17:03:48.648 [Test worker] INFO org.springframework.boot.test.context.SpringBootTestContextBootstrapper - Loaded default TestExecutionListener class names from location [META-INF/spring.factories]: [org.springframework.boot.test.autoconfigure.restdocs.RestDocsTestExecutionListener, org.springframework.boot.test.autoconfigure.web.client.MockRestServiceServerResetTestExecutionListener, org.springframework.boot.test.autoconfigure.web.servlet.MockMvcPrintOnlyOnFailureTestExecutionListener, org.springframework.boot.test.autoconfigure.web.servlet.WebDriverTestExecutionListener, org.springframework.boot.test.mock.mockito.MockitoTestExecutionListener, org.springframework.boot.test.mock.mockito.ResetMocksTestExecutionListener, org.springframework.test.context.web.ServletTestExecutionListener, org.springframework.test.context.support.DirtiesContextBeforeModesTestExecutionListener, org.springframework.test.context.support.DependencyInjectionTestExecutionListener, org.springframework.test.context.support.DirtiesContextTestExecutionListener, org.springframework.test.context.transaction.TransactionalTestExecutionListener, org.springframework.test.context.jdbc.SqlScriptsTestExecutionListener, org.springframework.test.context.event.EventPublishingTestExecutionListener]
17:03:48.659 [Test worker] DEBUG org.springframework.boot.test.context.SpringBootTestContextBootstrapper - Skipping candidate TestExecutionListener [org.springframework.test.context.transaction.TransactionalTestExecutionListener] due to a missing dependency. Specify custom listener classes or make the default listener classes and their required dependencies available. Offending class: [org/springframework/transaction/interceptor/TransactionAttributeSource]
17:03:48.660 [Test worker] DEBUG org.springframework.boot.test.context.SpringBootTestContextBootstrapper - Skipping candidate TestExecutionListener [org.springframework.test.context.jdbc.SqlScriptsTestExecutionListener] due to a missing dependency. Specify custom listener classes or make the default listener classes and their required dependencies available. Offending class: [org/springframework/transaction/interceptor/TransactionAttribute]
17:03:48.660 [Test worker] INFO org.springframework.boot.test.context.SpringBootTestContextBootstrapper - Using TestExecutionListeners: [org.springframework.test.context.web.ServletTestExecutionListener@7c890370, org.springframework.test.context.support.DirtiesContextBeforeModesTestExecutionListener@7eb81140, org.springframework.boot.test.mock.mockito.MockitoTestExecutionListener@6a9c3f46, org.springframework.boot.test.autoconfigure.SpringBootDependencyInjectionTestExecutionListener@dbaa64e, org.springframework.test.context.support.DirtiesContextTestExecutionListener@399ca60a, org.springframework.test.context.event.EventPublishingTestExecutionListener@7908268, org.springframework.boot.test.autoconfigure.restdocs.RestDocsTestExecutionListener@c7debd3, org.springframework.boot.test.autoconfigure.web.client.MockRestServiceServerResetTestExecutionListener@54ada4c4, org.springframework.boot.test.autoconfigure.web.servlet.MockMvcPrintOnlyOnFailureTestExecutionListener@8dde4ad, org.springframework.boot.test.autoconfigure.web.servlet.WebDriverTestExecutionListener@bdda41c, org.springframework.boot.test.mock.mockito.ResetMocksTestExecutionListener@689de5c7]
17:03:48.665 [Test worker] DEBUG org.springframework.test.context.support.AbstractDirtiesContextTestExecutionListener - Before test class: context [DefaultTestContext@72301f62 testClass = PurchasesControllerTest, testInstance = [null], testMethod = [null], testException = [null], mergedContextConfiguration = [WebMergedContextConfiguration@301fa30d testClass = PurchasesControllerTest, locations = '{}', classes = '{class com.journi.challenge.JourniChallengeApplication}', contextInitializerClasses = '[]', activeProfiles = '{}', propertySourceLocations = '{}', propertySourceProperties = '{org.springframework.boot.test.context.SpringBootTestContextBootstrapper=true}', contextCustomizers = set[org.springframework.boot.test.autoconfigure.properties.PropertyMappingContextCustomizer@4b3fa0b3, org.springframework.boot.test.autoconfigure.web.servlet.WebDriverContextCustomizerFactory$Customizer@1561195a, [ImportsContextCustomizer@378b9fb4 key = [org.springframework.boot.test.autoconfigure.web.servlet.MockMvcAutoConfiguration, org.springframework.boot.test.autoconfigure.web.servlet.MockMvcWebClientAutoConfiguration, org.springframework.boot.test.autoconfigure.web.servlet.MockMvcWebDriverAutoConfiguration, org.springframework.boot.autoconfigure.security.servlet.SecurityAutoConfiguration, org.springframework.boot.autoconfigure.security.servlet.UserDetailsServiceAutoConfiguration, org.springframework.boot.test.autoconfigure.web.servlet.MockMvcSecurityConfiguration]], org.springframework.boot.test.context.filter.ExcludeFilterContextCustomizer@756fae07, org.springframework.boot.test.json.DuplicateJsonObjectContextCustomizerFactory$DuplicateJsonObjectContextCustomizer@1a5f70fc, org.springframework.boot.test.mock.mockito.MockitoContextCustomizer@0, org.springframework.boot.test.web.client.TestRestTemplateContextCustomizer@3054ee52], resourceBasePath = 'src/main/webapp', contextLoader = 'org.springframework.boot.test.context.SpringBootContextLoader', parent = [null]], attributes = map['org.springframework.test.context.web.ServletTestExecutionListener.activateListener' -> true]], class annotated with @DirtiesContext [false] with mode [null].
17:03:48.692 [Test worker] DEBUG org.springframework.test.context.support.TestPropertySourceUtils - Adding inlined properties to environment: {spring.jmx.enabled=false, org.springframework.boot.test.context.SpringBootTestContextBootstrapper=true, server.port=-1}

  .   ____          _            __ _ _
 /\\ / ___'_ __ _ _(_)_ __  __ _ \ \ \ \
( ( )\___ | '_ | '_| | '_ \/ _` | \ \ \ \
 \\/  ___)| |_)| | | | | || (_| |  ) ) ) )
  '  |____| .__|_| |_|_| |_\__, | / / / /
 =========|_|==============|___/=/_/_/_/
 :: Spring Boot ::        (v2.2.5.RELEASE)

2022-03-26 17:03:48.924  INFO 50572 --- [    Test worker] c.j.c.c.PurchasesControllerTest          : Starting PurchasesControllerTest on dlt-par-epogace with PID 50572 (started by User in C:\Users\User\OneDrive - Dalet Digital Media Systems\Documents\Journi Challange\backend-coding-challenge)
2022-03-26 17:03:48.926  INFO 50572 --- [    Test worker] c.j.c.c.PurchasesControllerTest          : No active profile set, falling back to default profiles: default
2022-03-26 17:03:50.013  INFO 50572 --- [    Test worker] o.s.s.concurrent.ThreadPoolTaskExecutor  : Initializing ExecutorService 'applicationTaskExecutor'
2022-03-26 17:03:50.261  INFO 50572 --- [    Test worker] o.s.b.t.m.w.SpringBootMockServletContext : Initializing Spring TestDispatcherServlet ''
2022-03-26 17:03:50.261  INFO 50572 --- [    Test worker] o.s.t.web.servlet.TestDispatcherServlet  : Initializing Servlet ''
2022-03-26 17:03:50.273  INFO 50572 --- [    Test worker] o.s.t.web.servlet.TestDispatcherServlet  : Completed initialization in 12 ms
2022-03-26 17:03:50.293  INFO 50572 --- [    Test worker] c.j.c.c.PurchasesControllerTest          : Started PurchasesControllerTest in 1.594 seconds (JVM running for 2.984)
]]></system-out>
  <system-err><![CDATA[]]></system-err>
</testsuite>
